Using pre-set license
Built from '2020.3/staging' branch; Version is '2020.3.6f1 (338bb68529b2) revision 3378102'; Using compiler version '192528614'; Build Type 'Release'
OS: 'Windows 10 Home; OS build 19042.1052; Version 2009; 64bit' Language: 'fr' Physical Memory: 16269 MB
BatchMode: 1, IsHumanControllingUs: 0, StartBugReporterOnCrash: 0, Is64bit: 1, IsPro: 0

 COMMAND LINE ARGUMENTS:
D:\Programmes\Unity Editors\2020.3.6f1\Editor\Unity.exe
-adb2
-batchMode
-noUpm
-name
AssetImportWorker0
-projectPath
D:/UTBM/TC04/LP2B/Unity Projects/Final Project
-logFile
Logs/AssetImportWorker0.log
-srvPort
57161
Successfully changed project path to: D:/UTBM/TC04/LP2B/Unity Projects/Final Project
D:/UTBM/TC04/LP2B/Unity Projects/Final Project
Using Asset Import Pipeline V2.
Refreshing native plugins compatible for Editor in 43.19 ms, found 1 plugins.
Preloading 0 native plugins for Editor in 0.00 ms.
Initialize engine version: 2020.3.6f1 (338bb68529b2)
[Subsystems] Discovering subsystems at path D:/Programmes/Unity Editors/2020.3.6f1/Editor/Data/Resources/UnitySubsystems
[Subsystems] Discovering subsystems at path D:/UTBM/TC04/LP2B/Unity Projects/Final Project/Assets
GfxDevice: creating device client; threaded=0
Direct3D:
    Version:  Direct3D 11.0 [level 11.1]
    Renderer: NVIDIA GeForce GTX 1050 (ID=0x1c8d)
    Vendor:   
    VRAM:     1977 MB
    Driver:   27.21.14.6647
Initialize mono
Mono path[0] = 'D:/Programmes/Unity Editors/2020.3.6f1/Editor/Data/Managed'
Mono path[1] = 'D:/Programmes/Unity Editors/2020.3.6f1/Editor/Data/MonoBleedingEdge/lib/mono/unityjit'
Mono config path = 'D:/Programmes/Unity Editors/2020.3.6f1/Editor/Data/MonoBleedingEdge/etc'
Using monoOptions --debugger-agent=transport=dt_socket,embedding=1,server=y,suspend=n,address=127.0.0.1:56160
Begin MonoManager ReloadAssembly
Registering precompiled unity dll's ...
Register platform support module: D:/Programmes/Unity Editors/2020.3.6f1/Editor/Data/PlaybackEngines/WindowsStandaloneSupport/UnityEditor.WindowsStandalone.Extensions.dll
Registered in 0.001445 seconds.
Native extension for WindowsStandalone target not found
Refreshing native plugins compatible for Editor in 45.80 ms, found 1 plugins.
Preloading 0 native plugins for Editor in 0.00 ms.
Mono: successfully reloaded assembly
- Completed reload, in  1.462 seconds
Platform modules already initialized, skipping
Registering precompiled user dll's ...
Registered in 0.001263 seconds.
Begin MonoManager ReloadAssembly
Native extension for WindowsStandalone target not found
Refreshing native plugins compatible for Editor in 46.31 ms, found 1 plugins.
Preloading 0 native plugins for Editor in 0.00 ms.
Mono: successfully reloaded assembly
- Completed reload, in  1.093 seconds
Platform modules already initialized, skipping
========================================================================
Worker process is ready to serve import requests
Launched and connected shader compiler UnityShaderCompiler.exe after 0.05 seconds
Refreshing native plugins compatible for Editor in 0.43 ms, found 1 plugins.
Preloading 0 native plugins for Editor in 0.00 ms.
Unloading 1834 Unused Serialized files (Serialized files now loaded: 0)
System memory in use before: 87.7 MB.
System memory in use after: 87.6 MB.

Unloading 24 unused Assets to reduce memory usage. Loaded Objects now: 2280.
Total: 2.706300 ms (FindLiveObjects: 0.358300 ms CreateObjectMapping: 0.149500 ms MarkObjects: 2.026700 ms  DeleteObjects: 0.170800 ms)

========================================================================
Received Import Request.
  path: Assets/FurapiBird/Dead.anim
  artifactKey: Guid(18be8c1d81582b942b69656964faa72d) Importer(815301076,1909f56bfc062723c751e8b465ee728b)
Start importing Assets/FurapiBird/Dead.anim using Guid(18be8c1d81582b942b69656964faa72d) Importer(815301076,1909f56bfc062723c751e8b465ee728b)  -> (artifact id: 'd9d5807bd999ac33204b824ce8d6886a') in 0.069744 seconds
  Import took 0.073053 seconds .

========================================================================
Received Import Request.
  Time since last request: 83.594480 seconds.
  path: Assets/FurapiBird/bird_animator.controller
  artifactKey: Guid(7ce4198a6a56aee469920f1fae6fb983) Importer(815301076,1909f56bfc062723c751e8b465ee728b)
Start importing Assets/FurapiBird/bird_animator.controller using Guid(7ce4198a6a56aee469920f1fae6fb983) Importer(815301076,1909f56bfc062723c751e8b465ee728b)  -> (artifact id: '838ebd92d37d5b9ceb2f13cb3ce59c65') in 0.014763 seconds
  Import took 0.020383 seconds .

========================================================================
Received Import Request.
  Time since last request: 22.585889 seconds.
  path: Assets/FurapiBird/Scripts/Game_manager.cs
  artifactKey: Guid(bd4ac4173a4d9b649926783da7f05f06) Importer(815301076,1909f56bfc062723c751e8b465ee728b)
Start importing Assets/FurapiBird/Scripts/Game_manager.cs using Guid(bd4ac4173a4d9b649926783da7f05f06) Importer(815301076,1909f56bfc062723c751e8b465ee728b)  -> (artifact id: 'e95a28a51dfc6c22b45f749a757c836c') in 0.023641 seconds
  Import took 0.026538 seconds .

========================================================================
Received Import Request.
  Time since last request: 0.040829 seconds.
  path: Assets/FurapiBird/Scripts/Game_manager.cs
  artifactKey: Guid(bd4ac4173a4d9b649926783da7f05f06) Importer(815301076,1909f56bfc062723c751e8b465ee728b)
Start importing Assets/FurapiBird/Scripts/Game_manager.cs using Guid(bd4ac4173a4d9b649926783da7f05f06) Importer(815301076,1909f56bfc062723c751e8b465ee728b)  -> (artifact id: 'e95a28a51dfc6c22b45f749a757c836c') in 0.003393 seconds
  Import took 0.006767 seconds .

========================================================================
Received Prepare
Registering precompiled user dll's ...
Registered in 0.001209 seconds.
Begin MonoManager ReloadAssembly
Native extension for WindowsStandalone target not found
Refreshing native plugins compatible for Editor in 0.35 ms, found 1 plugins.
Preloading 0 native plugins for Editor in 0.00 ms.
Mono: successfully reloaded assembly
- Completed reload, in  1.032 seconds
Platform modules already initialized, skipping
Refreshing native plugins compatible for Editor in 0.40 ms, found 1 plugins.
Preloading 0 native plugins for Editor in 0.00 ms.
Unloading 1816 Unused Serialized files (Serialized files now loaded: 0)
System memory in use before: 86.4 MB.
System memory in use after: 86.4 MB.

Unloading 12 unused Assets to reduce memory usage. Loaded Objects now: 2284.
Total: 2.282000 ms (FindLiveObjects: 0.263400 ms CreateObjectMapping: 0.105400 ms MarkObjects: 1.748000 ms  DeleteObjects: 0.163700 ms)

========================================================================
Received Import Request.
  Time since last request: 183.724666 seconds.
  path: Assets/FurapiBird/bird_animator.controller
  artifactKey: Guid(7ce4198a6a56aee469920f1fae6fb983) Importer(815301076,1909f56bfc062723c751e8b465ee728b)
Start importing Assets/FurapiBird/bird_animator.controller using Guid(7ce4198a6a56aee469920f1fae6fb983) Importer(815301076,1909f56bfc062723c751e8b465ee728b)  -> (artifact id: '7a00f5a0e4849886803ab2ff091f5ee3') in 0.020899 seconds
  Import took 0.024523 seconds .

========================================================================
Received Prepare
Registering precompiled user dll's ...
Registered in 0.001125 seconds.
Begin MonoManager ReloadAssembly
Native extension for WindowsStandalone target not found
Refreshing native plugins compatible for Editor in 0.35 ms, found 1 plugins.
Preloading 0 native plugins for Editor in 0.00 ms.
Mono: successfully reloaded assembly
- Completed reload, in  1.053 seconds
Platform modules already initialized, skipping
Refreshing native plugins compatible for Editor in 0.42 ms, found 1 plugins.
Preloading 0 native plugins for Editor in 0.00 ms.
Unloading 1816 Unused Serialized files (Serialized files now loaded: 0)
System memory in use before: 86.4 MB.
System memory in use after: 86.4 MB.

Unloading 12 unused Assets to reduce memory usage. Loaded Objects now: 2288.
Total: 3.240400 ms (FindLiveObjects: 0.430500 ms CreateObjectMapping: 0.147400 ms MarkObjects: 2.510700 ms  DeleteObjects: 0.150600 ms)

========================================================================
Received Prepare
Registering precompiled user dll's ...
Registered in 0.001074 seconds.
Begin MonoManager ReloadAssembly
Native extension for WindowsStandalone target not found
Refreshing native plugins compatible for Editor in 0.37 ms, found 1 plugins.
Preloading 0 native plugins for Editor in 0.00 ms.
Mono: successfully reloaded assembly
- Completed reload, in  1.007 seconds
Platform modules already initialized, skipping
Refreshing native plugins compatible for Editor in 0.40 ms, found 1 plugins.
Preloading 0 native plugins for Editor in 0.00 ms.
Unloading 1816 Unused Serialized files (Serialized files now loaded: 0)
System memory in use before: 86.4 MB.
System memory in use after: 86.4 MB.

Unloading 12 unused Assets to reduce memory usage. Loaded Objects now: 2292.
Total: 2.595800 ms (FindLiveObjects: 0.374700 ms CreateObjectMapping: 0.106000 ms MarkObjects: 1.993200 ms  DeleteObjects: 0.120400 ms)

========================================================================
Received Import Request.
  Time since last request: 637.213580 seconds.
  path: Assets/FurapiBird/Scripts/Bird_script.cs
  artifactKey: Guid(ad0cd4043f8dbbb44a33d307b5218112) Importer(815301076,1909f56bfc062723c751e8b465ee728b)
Start importing Assets/FurapiBird/Scripts/Bird_script.cs using Guid(ad0cd4043f8dbbb44a33d307b5218112) Importer(815301076,1909f56bfc062723c751e8b465ee728b)  -> (artifact id: 'dfe84a1b90bef46e223aca003b882eb9') in 0.010740 seconds
  Import took 0.014126 seconds .

========================================================================
Received Import Request.
  Time since last request: 0.313552 seconds.
  path: Assets/FurapiBird/Scripts/Bird_script.cs
  artifactKey: Guid(ad0cd4043f8dbbb44a33d307b5218112) Importer(815301076,1909f56bfc062723c751e8b465ee728b)
Start importing Assets/FurapiBird/Scripts/Bird_script.cs using Guid(ad0cd4043f8dbbb44a33d307b5218112) Importer(815301076,1909f56bfc062723c751e8b465ee728b)  -> (artifact id: 'dfe84a1b90bef46e223aca003b882eb9') in 0.004210 seconds
  Import took 0.007487 seconds .

========================================================================
Received Prepare
Registering precompiled user dll's ...
Registered in 0.001001 seconds.
Begin MonoManager ReloadAssembly
Native extension for WindowsStandalone target not found
Refreshing native plugins compatible for Editor in 0.35 ms, found 1 plugins.
Preloading 0 native plugins for Editor in 0.00 ms.
Mono: successfully reloaded assembly
- Completed reload, in  0.994 seconds
Platform modules already initialized, skipping
Refreshing native plugins compatible for Editor in 0.43 ms, found 1 plugins.
Preloading 0 native plugins for Editor in 0.00 ms.
Unloading 1816 Unused Serialized files (Serialized files now loaded: 0)
System memory in use before: 86.5 MB.
System memory in use after: 86.4 MB.

Unloading 12 unused Assets to reduce memory usage. Loaded Objects now: 2296.
Total: 3.564500 ms (FindLiveObjects: 0.250900 ms CreateObjectMapping: 0.129300 ms MarkObjects: 3.022900 ms  DeleteObjects: 0.159700 ms)

========================================================================
Received Prepare
Registering precompiled user dll's ...
Registered in 0.001039 seconds.
Begin MonoManager ReloadAssembly
Native extension for WindowsStandalone target not found
Refreshing native plugins compatible for Editor in 0.38 ms, found 1 plugins.
Preloading 0 native plugins for Editor in 0.00 ms.
Mono: successfully reloaded assembly
- Completed reload, in  1.004 seconds
Platform modules already initialized, skipping
Refreshing native plugins compatible for Editor in 0.40 ms, found 1 plugins.
Preloading 0 native plugins for Editor in 0.00 ms.
Unloading 1816 Unused Serialized files (Serialized files now loaded: 0)
System memory in use before: 86.5 MB.
System memory in use after: 86.4 MB.

Unloading 12 unused Assets to reduce memory usage. Loaded Objects now: 2300.
Total: 3.990300 ms (FindLiveObjects: 0.426400 ms CreateObjectMapping: 0.230900 ms MarkObjects: 2.950000 ms  DeleteObjects: 0.381200 ms)

========================================================================
Received Import Request.
  Time since last request: 802.388348 seconds.
  path: Assets/FurapiBird/Sounds/Theme Song.mp3
  artifactKey: Guid(543cc75dcdf3255408b12d7ede65b4d0) Importer(815301076,1909f56bfc062723c751e8b465ee728b)
Start importing Assets/FurapiBird/Sounds/Theme Song.mp3 using Guid(543cc75dcdf3255408b12d7ede65b4d0) Importer(815301076,1909f56bfc062723c751e8b465ee728b)  -> (artifact id: 'f7fffd1df2fe0752cbd2361d055615f3') in 0.115340 seconds
  Import took 0.119956 seconds .

========================================================================
Received Prepare
Registering precompiled user dll's ...
Registered in 0.001080 seconds.
Begin MonoManager ReloadAssembly
Native extension for WindowsStandalone target not found
Refreshing native plugins compatible for Editor in 0.34 ms, found 1 plugins.
Preloading 0 native plugins for Editor in 0.00 ms.
Mono: successfully reloaded assembly
- Completed reload, in  0.981 seconds
Platform modules already initialized, skipping
Refreshing native plugins compatible for Editor in 0.39 ms, found 1 plugins.
Preloading 0 native plugins for Editor in 0.00 ms.
Unloading 1816 Unused Serialized files (Serialized files now loaded: 0)
System memory in use before: 89.6 MB.
System memory in use after: 89.6 MB.

Unloading 12 unused Assets to reduce memory usage. Loaded Objects now: 2313.
Total: 2.490900 ms (FindLiveObjects: 0.215800 ms CreateObjectMapping: 0.104500 ms MarkObjects: 2.013200 ms  DeleteObjects: 0.155700 ms)

========================================================================
Received Prepare
Registering precompiled user dll's ...
Registered in 0.001066 seconds.
Begin MonoManager ReloadAssembly
Native extension for WindowsStandalone target not found
Refreshing native plugins compatible for Editor in 0.36 ms, found 1 plugins.
Preloading 0 native plugins for Editor in 0.00 ms.
Mono: successfully reloaded assembly
- Completed reload, in  1.014 seconds
Platform modules already initialized, skipping
Refreshing native plugins compatible for Editor in 0.40 ms, found 1 plugins.
Preloading 0 native plugins for Editor in 0.00 ms.
Unloading 1816 Unused Serialized files (Serialized files now loaded: 0)
System memory in use before: 89.6 MB.
System memory in use after: 89.6 MB.

Unloading 12 unused Assets to reduce memory usage. Loaded Objects now: 2317.
Total: 2.437600 ms (FindLiveObjects: 0.199200 ms CreateObjectMapping: 0.062700 ms MarkObjects: 2.019100 ms  DeleteObjects: 0.155500 ms)

========================================================================
Received Import Request.
  Time since last request: 179.040481 seconds.
  path: Assets/FurapiBird/Scripts/Bird_script.cs
  artifactKey: Guid(ad0cd4043f8dbbb44a33d307b5218112) Importer(815301076,1909f56bfc062723c751e8b465ee728b)
Start importing Assets/FurapiBird/Scripts/Bird_script.cs using Guid(ad0cd4043f8dbbb44a33d307b5218112) Importer(815301076,1909f56bfc062723c751e8b465ee728b)  -> (artifact id: 'b0555bfe2d08177685c534210b19597a') in 0.014167 seconds
  Import took 0.019997 seconds .

========================================================================
Received Import Request.
  Time since last request: 11.679148 seconds.
  path: Assets/FurapiBird/Scripts/PipeObstacle_Script.cs
  artifactKey: Guid(940fcf75763955b4f8a6fd74fca40794) Importer(815301076,1909f56bfc062723c751e8b465ee728b)
Start importing Assets/FurapiBird/Scripts/PipeObstacle_Script.cs using Guid(940fcf75763955b4f8a6fd74fca40794) Importer(815301076,1909f56bfc062723c751e8b465ee728b)  -> (artifact id: 'c18283c4baabc497c95b6c6ca11164db') in 0.011029 seconds
  Import took 0.052258 seconds .

========================================================================
Received Prepare
Registering precompiled user dll's ...
Registered in 0.001152 seconds.
Begin MonoManager ReloadAssembly
Native extension for WindowsStandalone target not found
Refreshing native plugins compatible for Editor in 0.35 ms, found 1 plugins.
Preloading 0 native plugins for Editor in 0.00 ms.
Mono: successfully reloaded assembly
- Completed reload, in  0.985 seconds
Platform modules already initialized, skipping
Refreshing native plugins compatible for Editor in 0.51 ms, found 1 plugins.
Preloading 0 native plugins for Editor in 0.00 ms.
Unloading 1816 Unused Serialized files (Serialized files now loaded: 0)
System memory in use before: 89.6 MB.
System memory in use after: 89.6 MB.

Unloading 12 unused Assets to reduce memory usage. Loaded Objects now: 2321.
Total: 2.597400 ms (FindLiveObjects: 0.403300 ms CreateObjectMapping: 0.093300 ms MarkObjects: 1.945900 ms  DeleteObjects: 0.153600 ms)

========================================================================
Received Prepare
Registering precompiled user dll's ...
Registered in 0.001063 seconds.
Begin MonoManager ReloadAssembly
Native extension for WindowsStandalone target not found
Refreshing native plugins compatible for Editor in 0.35 ms, found 1 plugins.
Preloading 0 native plugins for Editor in 0.00 ms.
Mono: successfully reloaded assembly
- Completed reload, in  1.000 seconds
Platform modules already initialized, skipping
Refreshing native plugins compatible for Editor in 0.39 ms, found 1 plugins.
Preloading 0 native plugins for Editor in 0.00 ms.
Unloading 1816 Unused Serialized files (Serialized files now loaded: 0)
System memory in use before: 89.6 MB.
System memory in use after: 89.6 MB.

Unloading 12 unused Assets to reduce memory usage. Loaded Objects now: 2325.
Total: 3.106500 ms (FindLiveObjects: 0.423400 ms CreateObjectMapping: 0.077400 ms MarkObjects: 2.438000 ms  DeleteObjects: 0.166200 ms)

========================================================================
Received Prepare
Registering precompiled user dll's ...
Registered in 0.001318 seconds.
Begin MonoManager ReloadAssembly
Native extension for WindowsStandalone target not found
Refreshing native plugins compatible for Editor in 0.36 ms, found 1 plugins.
Preloading 0 native plugins for Editor in 0.00 ms.
Mono: successfully reloaded assembly
- Completed reload, in  1.006 seconds
Platform modules already initialized, skipping
Refreshing native plugins compatible for Editor in 0.39 ms, found 1 plugins.
Preloading 0 native plugins for Editor in 0.00 ms.
Unloading 1816 Unused Serialized files (Serialized files now loaded: 0)
System memory in use before: 89.6 MB.
System memory in use after: 89.6 MB.

Unloading 12 unused Assets to reduce memory usage. Loaded Objects now: 2329.
Total: 2.326800 ms (FindLiveObjects: 0.237600 ms CreateObjectMapping: 0.094500 ms MarkObjects: 1.819900 ms  DeleteObjects: 0.173400 ms)

========================================================================
Received Import Request.
  Time since last request: 674.687223 seconds.
  path: Assets/Scenes/FurapiBird.unity
  artifactKey: Guid(3dd5cd490fd11864abbb186c215e6d74) Importer(815301076,1909f56bfc062723c751e8b465ee728b)
Start importing Assets/Scenes/FurapiBird.unity using Guid(3dd5cd490fd11864abbb186c215e6d74) Importer(815301076,1909f56bfc062723c751e8b465ee728b)  -> (artifact id: '3ed2835fcf654f2dcb792506ea0aa72e') in 0.026612 seconds
  Import took 0.052171 seconds .

========================================================================
Received Prepare
Registering precompiled user dll's ...
Registered in 0.001070 seconds.
Begin MonoManager ReloadAssembly
Native extension for WindowsStandalone target not found
Refreshing native plugins compatible for Editor in 0.44 ms, found 1 plugins.
Preloading 0 native plugins for Editor in 0.00 ms.
Mono: successfully reloaded assembly
- Completed reload, in  1.029 seconds
Platform modules already initialized, skipping
Refreshing native plugins compatible for Editor in 0.39 ms, found 1 plugins.
Preloading 0 native plugins for Editor in 0.00 ms.
Unloading 1816 Unused Serialized files (Serialized files now loaded: 0)
System memory in use before: 89.6 MB.
System memory in use after: 89.6 MB.

Unloading 12 unused Assets to reduce memory usage. Loaded Objects now: 2333.
Total: 2.738700 ms (FindLiveObjects: 0.228900 ms CreateObjectMapping: 0.104800 ms MarkObjects: 2.138100 ms  DeleteObjects: 0.265100 ms)

========================================================================
Received Prepare
Registering precompiled user dll's ...
Registered in 0.001074 seconds.
Begin MonoManager ReloadAssembly
Native extension for WindowsStandalone target not found
Refreshing native plugins compatible for Editor in 0.42 ms, found 1 plugins.
Preloading 0 native plugins for Editor in 0.00 ms.
Mono: successfully reloaded assembly
- Completed reload, in  0.982 seconds
Platform modules already initialized, skipping
Refreshing native plugins compatible for Editor in 0.37 ms, found 1 plugins.
Preloading 0 native plugins for Editor in 0.00 ms.
Unloading 1816 Unused Serialized files (Serialized files now loaded: 0)
System memory in use before: 89.7 MB.
System memory in use after: 89.6 MB.

Unloading 12 unused Assets to reduce memory usage. Loaded Objects now: 2337.
Total: 2.471300 ms (FindLiveObjects: 0.420900 ms CreateObjectMapping: 0.151900 ms MarkObjects: 1.724000 ms  DeleteObjects: 0.172800 ms)

========================================================================
Received Prepare
Registering precompiled user dll's ...
Registered in 0.001054 seconds.
Begin MonoManager ReloadAssembly
Native extension for WindowsStandalone target not found
Refreshing native plugins compatible for Editor in 0.37 ms, found 1 plugins.
Preloading 0 native plugins for Editor in 0.00 ms.
Mono: successfully reloaded assembly
- Completed reload, in  0.976 seconds
Platform modules already initialized, skipping
Refreshing native plugins compatible for Editor in 0.39 ms, found 1 plugins.
Preloading 0 native plugins for Editor in 0.00 ms.
Unloading 1816 Unused Serialized files (Serialized files now loaded: 0)
System memory in use before: 89.7 MB.
System memory in use after: 89.6 MB.

Unloading 12 unused Assets to reduce memory usage. Loaded Objects now: 2341.
Total: 2.611300 ms (FindLiveObjects: 0.208400 ms CreateObjectMapping: 0.083600 ms MarkObjects: 2.159300 ms  DeleteObjects: 0.158600 ms)

========================================================================
Received Prepare
Registering precompiled user dll's ...
Registered in 0.001055 seconds.
Begin MonoManager ReloadAssembly
Native extension for WindowsStandalone target not found
Refreshing native plugins compatible for Editor in 0.49 ms, found 1 plugins.
Preloading 0 native plugins for Editor in 0.00 ms.
Mono: successfully reloaded assembly
- Completed reload, in  0.999 seconds
Platform modules already initialized, skipping
Refreshing native plugins compatible for Editor in 0.40 ms, found 1 plugins.
Preloading 0 native plugins for Editor in 0.00 ms.
Unloading 1816 Unused Serialized files (Serialized files now loaded: 0)
System memory in use before: 89.7 MB.
System memory in use after: 89.6 MB.

Unloading 12 unused Assets to reduce memory usage. Loaded Objects now: 2345.
Total: 2.673300 ms (FindLiveObjects: 0.255800 ms CreateObjectMapping: 0.091700 ms MarkObjects: 2.116100 ms  DeleteObjects: 0.208300 ms)

========================================================================
Received Prepare
Registering precompiled user dll's ...
Registered in 0.001276 seconds.
Begin MonoManager ReloadAssembly
Native extension for WindowsStandalone target not found
Refreshing native plugins compatible for Editor in 0.52 ms, found 1 plugins.
Preloading 0 native plugins for Editor in 0.00 ms.
Mono: successfully reloaded assembly
- Completed reload, in  1.541 seconds
Platform modules already initialized, skipping
Refreshing native plugins compatible for Editor in 0.48 ms, found 1 plugins.
Preloading 0 native plugins for Editor in 0.00 ms.
Unloading 1816 Unused Serialized files (Serialized files now loaded: 0)
System memory in use before: 89.7 MB.
System memory in use after: 89.7 MB.

Unloading 12 unused Assets to reduce memory usage. Loaded Objects now: 2349.
Total: 4.301800 ms (FindLiveObjects: 0.422000 ms CreateObjectMapping: 0.116500 ms MarkObjects: 3.576100 ms  DeleteObjects: 0.169500 ms)

========================================================================
Received Import Request.
  Time since last request: 964.809021 seconds.
  path: Assets/Scenes/Menu_scene.unity
  artifactKey: Guid(2cda990e2423bbf4892e6590ba056729) Importer(815301076,1909f56bfc062723c751e8b465ee728b)
Start importing Assets/Scenes/Menu_scene.unity using Guid(2cda990e2423bbf4892e6590ba056729) Importer(815301076,1909f56bfc062723c751e8b465ee728b)  -> (artifact id: 'c08afecfe7ba9e4a00688dbe8d58fe78') in 0.025648 seconds
  Import took 0.066018 seconds .

========================================================================
Received Prepare
Registering precompiled user dll's ...
Registered in 0.001000 seconds.
Begin MonoManager ReloadAssembly
Native extension for WindowsStandalone target not found
Refreshing native plugins compatible for Editor in 0.36 ms, found 1 plugins.
Preloading 0 native plugins for Editor in 0.00 ms.
Mono: successfully reloaded assembly
- Completed reload, in  0.973 seconds
Platform modules already initialized, skipping
Refreshing native plugins compatible for Editor in 0.42 ms, found 1 plugins.
Preloading 0 native plugins for Editor in 0.00 ms.
Unloading 1816 Unused Serialized files (Serialized files now loaded: 0)
System memory in use before: 89.7 MB.
System memory in use after: 89.7 MB.

Unloading 12 unused Assets to reduce memory usage. Loaded Objects now: 2353.
Total: 2.216400 ms (FindLiveObjects: 0.197100 ms CreateObjectMapping: 0.129400 ms MarkObjects: 1.743700 ms  DeleteObjects: 0.144700 ms)

========================================================================
Received Prepare
Registering precompiled user dll's ...
Registered in 0.001046 seconds.
Begin MonoManager ReloadAssembly
Native extension for WindowsStandalone target not found
Refreshing native plugins compatible for Editor in 0.73 ms, found 1 plugins.
Preloading 0 native plugins for Editor in 0.00 ms.
Mono: successfully reloaded assembly
- Completed reload, in  0.942 seconds
Platform modules already initialized, skipping
Refreshing native plugins compatible for Editor in 0.38 ms, found 1 plugins.
Preloading 0 native plugins for Editor in 0.00 ms.
Unloading 1816 Unused Serialized files (Serialized files now loaded: 0)
System memory in use before: 89.7 MB.
System memory in use after: 89.7 MB.

Unloading 12 unused Assets to reduce memory usage. Loaded Objects now: 2357.
Total: 2.490700 ms (FindLiveObjects: 0.248700 ms CreateObjectMapping: 0.093700 ms MarkObjects: 2.030400 ms  DeleteObjects: 0.116800 ms)

========================================================================
Received Prepare
Registering precompiled user dll's ...
Registered in 0.001054 seconds.
Begin MonoManager ReloadAssembly
Native extension for WindowsStandalone target not found
Refreshing native plugins compatible for Editor in 0.38 ms, found 1 plugins.
Preloading 0 native plugins for Editor in 0.00 ms.
Mono: successfully reloaded assembly
- Completed reload, in  0.952 seconds
Platform modules already initialized, skipping
Refreshing native plugins compatible for Editor in 0.44 ms, found 1 plugins.
Preloading 0 native plugins for Editor in 0.00 ms.
Unloading 1816 Unused Serialized files (Serialized files now loaded: 0)
System memory in use before: 89.7 MB.
System memory in use after: 89.7 MB.

Unloading 12 unused Assets to reduce memory usage. Loaded Objects now: 2361.
Total: 2.683400 ms (FindLiveObjects: 0.344700 ms CreateObjectMapping: 0.140900 ms MarkObjects: 2.054600 ms  DeleteObjects: 0.141800 ms)

========================================================================
Received Prepare
Registering precompiled user dll's ...
Registered in 0.001252 seconds.
Begin MonoManager ReloadAssembly
Native extension for WindowsStandalone target not found
Refreshing native plugins compatible for Editor in 0.36 ms, found 1 plugins.
Preloading 0 native plugins for Editor in 0.00 ms.
Mono: successfully reloaded assembly
- Completed reload, in  1.037 seconds
Platform modules already initialized, skipping
Refreshing native plugins compatible for Editor in 0.40 ms, found 1 plugins.
Preloading 0 native plugins for Editor in 0.00 ms.
Unloading 1816 Unused Serialized files (Serialized files now loaded: 0)
System memory in use before: 89.7 MB.
System memory in use after: 89.7 MB.

Unloading 12 unused Assets to reduce memory usage. Loaded Objects now: 2365.
Total: 2.460100 ms (FindLiveObjects: 0.296000 ms CreateObjectMapping: 0.068400 ms MarkObjects: 1.931300 ms  DeleteObjects: 0.163500 ms)

========================================================================
Received Prepare
Registering precompiled user dll's ...
Registered in 0.001012 seconds.
Begin MonoManager ReloadAssembly
Native extension for WindowsStandalone target not found
Refreshing native plugins compatible for Editor in 0.41 ms, found 1 plugins.
Preloading 0 native plugins for Editor in 0.00 ms.
Mono: successfully reloaded assembly
- Completed reload, in  0.954 seconds
Platform modules already initialized, skipping
Refreshing native plugins compatible for Editor in 0.40 ms, found 1 plugins.
Preloading 0 native plugins for Editor in 0.00 ms.
Unloading 1816 Unused Serialized files (Serialized files now loaded: 0)
System memory in use before: 89.7 MB.
System memory in use after: 89.7 MB.

Unloading 12 unused Assets to reduce memory usage. Loaded Objects now: 2369.
Total: 2.806000 ms (FindLiveObjects: 0.246700 ms CreateObjectMapping: 0.076300 ms MarkObjects: 2.320600 ms  DeleteObjects: 0.161200 ms)

========================================================================
Received Prepare
Registering precompiled user dll's ...
Registered in 0.002156 seconds.
Begin MonoManager ReloadAssembly
Native extension for WindowsStandalone target not found
Refreshing native plugins compatible for Editor in 0.35 ms, found 1 plugins.
Preloading 0 native plugins for Editor in 0.00 ms.
Mono: successfully reloaded assembly
- Completed reload, in  1.048 seconds
Platform modules already initialized, skipping
Refreshing native plugins compatible for Editor in 0.49 ms, found 1 plugins.
Preloading 0 native plugins for Editor in 0.00 ms.
Unloading 1816 Unused Serialized files (Serialized files now loaded: 0)
System memory in use before: 89.7 MB.
System memory in use after: 89.7 MB.

Unloading 12 unused Assets to reduce memory usage. Loaded Objects now: 2373.
Total: 2.709500 ms (FindLiveObjects: 0.280100 ms CreateObjectMapping: 0.079100 ms MarkObjects: 2.175300 ms  DeleteObjects: 0.173500 ms)

========================================================================
Received Prepare
Registering precompiled user dll's ...
Registered in 0.001008 seconds.
Begin MonoManager ReloadAssembly
Native extension for WindowsStandalone target not found
Refreshing native plugins compatible for Editor in 0.35 ms, found 1 plugins.
Preloading 0 native plugins for Editor in 0.00 ms.
Mono: successfully reloaded assembly
- Completed reload, in  1.016 seconds
Platform modules already initialized, skipping
Refreshing native plugins compatible for Editor in 0.39 ms, found 1 plugins.
Preloading 0 native plugins for Editor in 0.00 ms.
Unloading 1816 Unused Serialized files (Serialized files now loaded: 0)
System memory in use before: 89.7 MB.
System memory in use after: 89.7 MB.

Unloading 12 unused Assets to reduce memory usage. Loaded Objects now: 2377.
Total: 2.433500 ms (FindLiveObjects: 0.296800 ms CreateObjectMapping: 0.081100 ms MarkObjects: 1.876400 ms  DeleteObjects: 0.177900 ms)

========================================================================
Received Import Request.
  Time since last request: 441.677562 seconds.
  path: Assets/Menu/Menu_Script.cs
  artifactKey: Guid(0c9af67ad1f8f0548b8a33a7b431b66a) Importer(815301076,1909f56bfc062723c751e8b465ee728b)
Start importing Assets/Menu/Menu_Script.cs using Guid(0c9af67ad1f8f0548b8a33a7b431b66a) Importer(815301076,1909f56bfc062723c751e8b465ee728b)  -> (artifact id: 'f4a5699f514e182be63b98376bd3763a') in 0.011848 seconds
  Import took 0.086891 seconds .

========================================================================
Received Prepare
Registering precompiled user dll's ...
Registered in 0.000995 seconds.
Begin MonoManager ReloadAssembly
Native extension for WindowsStandalone target not found
Refreshing native plugins compatible for Editor in 0.35 ms, found 1 plugins.
Preloading 0 native plugins for Editor in 0.00 ms.
Mono: successfully reloaded assembly
- Completed reload, in  1.046 seconds
Platform modules already initialized, skipping
Refreshing native plugins compatible for Editor in 0.38 ms, found 1 plugins.
Preloading 0 native plugins for Editor in 0.00 ms.
Unloading 1816 Unused Serialized files (Serialized files now loaded: 0)
System memory in use before: 89.8 MB.
System memory in use after: 89.7 MB.

Unloading 12 unused Assets to reduce memory usage. Loaded Objects now: 2381.
Total: 2.417400 ms (FindLiveObjects: 0.255200 ms CreateObjectMapping: 0.107800 ms MarkObjects: 1.881000 ms  DeleteObjects: 0.172100 ms)

========================================================================
Received Prepare
Registering precompiled user dll's ...
Registered in 0.001090 seconds.
Begin MonoManager ReloadAssembly
Native extension for WindowsStandalone target not found
Refreshing native plugins compatible for Editor in 0.35 ms, found 1 plugins.
Preloading 0 native plugins for Editor in 0.00 ms.
Mono: successfully reloaded assembly
- Completed reload, in  1.007 seconds
Platform modules already initialized, skipping
Refreshing native plugins compatible for Editor in 0.39 ms, found 1 plugins.
Preloading 0 native plugins for Editor in 0.00 ms.
Unloading 1816 Unused Serialized files (Serialized files now loaded: 0)
System memory in use before: 89.8 MB.
System memory in use after: 89.8 MB.

Unloading 12 unused Assets to reduce memory usage. Loaded Objects now: 2385.
Total: 2.547000 ms (FindLiveObjects: 0.318300 ms CreateObjectMapping: 0.057800 ms MarkObjects: 2.000700 ms  DeleteObjects: 0.168800 ms)

========================================================================
Received Import Request.
  Time since last request: 161.491492 seconds.
  path: Assets/Apple Catcher/Scripts/Player_Script.cs
  artifactKey: Guid(98fe77f5e1d018b4c82af87c8899526d) Importer(815301076,1909f56bfc062723c751e8b465ee728b)
Start importing Assets/Apple Catcher/Scripts/Player_Script.cs using Guid(98fe77f5e1d018b4c82af87c8899526d) Importer(815301076,1909f56bfc062723c751e8b465ee728b)  -> (artifact id: '0701f4a2930f5d5c8692cb856cc049e4') in 0.009535 seconds
  Import took 0.012771 seconds .

========================================================================
Received Prepare
Registering precompiled user dll's ...
Registered in 0.001582 seconds.
Begin MonoManager ReloadAssembly
Native extension for WindowsStandalone target not found
Refreshing native plugins compatible for Editor in 0.36 ms, found 1 plugins.
Preloading 0 native plugins for Editor in 0.00 ms.
Mono: successfully reloaded assembly
- Completed reload, in  1.069 seconds
Platform modules already initialized, skipping
Refreshing native plugins compatible for Editor in 0.38 ms, found 1 plugins.
Preloading 0 native plugins for Editor in 0.00 ms.
Unloading 1816 Unused Serialized files (Serialized files now loaded: 0)
System memory in use before: 89.8 MB.
System memory in use after: 89.7 MB.

Unloading 12 unused Assets to reduce memory usage. Loaded Objects now: 2389.
Total: 2.588500 ms (FindLiveObjects: 0.255800 ms CreateObjectMapping: 0.108600 ms MarkObjects: 2.052200 ms  DeleteObjects: 0.169900 ms)

========================================================================
Received Prepare
Registering precompiled user dll's ...
Registered in 0.001010 seconds.
Begin MonoManager ReloadAssembly
Native extension for WindowsStandalone target not found
Refreshing native plugins compatible for Editor in 0.55 ms, found 1 plugins.
Preloading 0 native plugins for Editor in 0.00 ms.
Mono: successfully reloaded assembly
- Completed reload, in  1.012 seconds
Platform modules already initialized, skipping
Refreshing native plugins compatible for Editor in 0.36 ms, found 1 plugins.
Preloading 0 native plugins for Editor in 0.00 ms.
Unloading 1816 Unused Serialized files (Serialized files now loaded: 0)
System memory in use before: 89.8 MB.
System memory in use after: 89.8 MB.

Unloading 12 unused Assets to reduce memory usage. Loaded Objects now: 2393.
Total: 2.393800 ms (FindLiveObjects: 0.281300 ms CreateObjectMapping: 0.091600 ms MarkObjects: 1.904100 ms  DeleteObjects: 0.115400 ms)

========================================================================
Received Prepare
Registering precompiled user dll's ...
Registered in 0.001125 seconds.
Begin MonoManager ReloadAssembly
Native extension for WindowsStandalone target not found
Refreshing native plugins compatible for Editor in 0.37 ms, found 1 plugins.
Preloading 0 native plugins for Editor in 0.00 ms.
Mono: successfully reloaded assembly
- Completed reload, in  1.040 seconds
Platform modules already initialized, skipping
Refreshing native plugins compatible for Editor in 0.39 ms, found 1 plugins.
Preloading 0 native plugins for Editor in 0.00 ms.
Unloading 1816 Unused Serialized files (Serialized files now loaded: 0)
System memory in use before: 89.8 MB.
System memory in use after: 89.8 MB.

Unloading 12 unused Assets to reduce memory usage. Loaded Objects now: 2397.
Total: 2.970900 ms (FindLiveObjects: 0.503200 ms CreateObjectMapping: 0.213000 ms MarkObjects: 2.063100 ms  DeleteObjects: 0.190200 ms)

========================================================================
Received Import Request.
  Time since last request: 156.669627 seconds.
  path: Assets/Apple Catcher/Scripts/Title_Script.cs
  artifactKey: Guid(a916ed0ae3088494f97def425f4b61b3) Importer(815301076,1909f56bfc062723c751e8b465ee728b)
Start importing Assets/Apple Catcher/Scripts/Title_Script.cs using Guid(a916ed0ae3088494f97def425f4b61b3) Importer(815301076,1909f56bfc062723c751e8b465ee728b)  -> (artifact id: '144072e20ab162cea012aa4708e84f14') in 0.011173 seconds
  Import took 0.054467 seconds .

========================================================================
Received Import Request.
  Time since last request: 3.718172 seconds.
  path: Assets/BrickBreaker/Scripts/GameMaster_script.cs
  artifactKey: Guid(93f52820576e9494c9f22be63bee5d0a) Importer(815301076,1909f56bfc062723c751e8b465ee728b)
Start importing Assets/BrickBreaker/Scripts/GameMaster_script.cs using Guid(93f52820576e9494c9f22be63bee5d0a) Importer(815301076,1909f56bfc062723c751e8b465ee728b)  -> (artifact id: '91bed1711fd5f309a27ab2d2fb5eacb0') in 0.010457 seconds
  Import took 0.066929 seconds .

========================================================================
Received Prepare
Registering precompiled user dll's ...
Registered in 0.001295 seconds.
Begin MonoManager ReloadAssembly
Native extension for WindowsStandalone target not found
Refreshing native plugins compatible for Editor in 0.35 ms, found 1 plugins.
Preloading 0 native plugins for Editor in 0.00 ms.
Mono: successfully reloaded assembly
- Completed reload, in  1.051 seconds
Platform modules already initialized, skipping
Refreshing native plugins compatible for Editor in 0.40 ms, found 1 plugins.
Preloading 0 native plugins for Editor in 0.00 ms.
Unloading 1816 Unused Serialized files (Serialized files now loaded: 0)
System memory in use before: 89.8 MB.
System memory in use after: 89.8 MB.

Unloading 12 unused Assets to reduce memory usage. Loaded Objects now: 2401.
Total: 3.053400 ms (FindLiveObjects: 0.224400 ms CreateObjectMapping: 0.126800 ms MarkObjects: 2.531800 ms  DeleteObjects: 0.168500 ms)

========================================================================
Received Import Request.
  Time since last request: 50.231397 seconds.
  path: Assets/BrickBreaker/Scripts/GameMaster_script.cs
  artifactKey: Guid(93f52820576e9494c9f22be63bee5d0a) Importer(815301076,1909f56bfc062723c751e8b465ee728b)
Start importing Assets/BrickBreaker/Scripts/GameMaster_script.cs using Guid(93f52820576e9494c9f22be63bee5d0a) Importer(815301076,1909f56bfc062723c751e8b465ee728b)  -> (artifact id: '518111d3cb0245b96db1d4c75899f8fb') in 0.008375 seconds
  Import took 0.012290 seconds .

========================================================================
Received Prepare
Registering precompiled user dll's ...
Registered in 0.001340 seconds.
Begin MonoManager ReloadAssembly
Native extension for WindowsStandalone target not found
Refreshing native plugins compatible for Editor in 0.49 ms, found 1 plugins.
Preloading 0 native plugins for Editor in 0.00 ms.
Mono: successfully reloaded assembly
- Completed reload, in  1.051 seconds
Platform modules already initialized, skipping
Refreshing native plugins compatible for Editor in 0.37 ms, found 1 plugins.
Preloading 0 native plugins for Editor in 0.00 ms.
Unloading 1816 Unused Serialized files (Serialized files now loaded: 0)
System memory in use before: 89.8 MB.
System memory in use after: 89.8 MB.

Unloading 12 unused Assets to reduce memory usage. Loaded Objects now: 2405.
Total: 2.562000 ms (FindLiveObjects: 0.197600 ms CreateObjectMapping: 0.076300 ms MarkObjects: 2.111700 ms  DeleteObjects: 0.175200 ms)

========================================================================
Received Import Request.
  Time since last request: 118.009038 seconds.
  path: Assets/FurapiBird/Scripts/Game_manager.cs
  artifactKey: Guid(bd4ac4173a4d9b649926783da7f05f06) Importer(815301076,1909f56bfc062723c751e8b465ee728b)
Start importing Assets/FurapiBird/Scripts/Game_manager.cs using Guid(bd4ac4173a4d9b649926783da7f05f06) Importer(815301076,1909f56bfc062723c751e8b465ee728b)  -> (artifact id: '32abb82152697ebb86ca1ad8d01ac0cf') in 0.009408 seconds
  Import took 0.029841 seconds .

========================================================================
Received Prepare
Registering precompiled user dll's ...
Registered in 0.001077 seconds.
Begin MonoManager ReloadAssembly
Native extension for WindowsStandalone target not found
Refreshing native plugins compatible for Editor in 0.36 ms, found 1 plugins.
Preloading 0 native plugins for Editor in 0.00 ms.
Mono: successfully reloaded assembly
- Completed reload, in  1.040 seconds
Platform modules already initialized, skipping
Refreshing native plugins compatible for Editor in 0.39 ms, found 1 plugins.
Preloading 0 native plugins for Editor in 0.00 ms.
Unloading 1816 Unused Serialized files (Serialized files now loaded: 0)
System memory in use before: 89.8 MB.
System memory in use after: 89.8 MB.

Unloading 12 unused Assets to reduce memory usage. Loaded Objects now: 2409.
Total: 2.783600 ms (FindLiveObjects: 0.263200 ms CreateObjectMapping: 0.083300 ms MarkObjects: 2.267200 ms  DeleteObjects: 0.168200 ms)

========================================================================
Received Import Request.
  Time since last request: 149.576314 seconds.
  path: Assets/Menu/Menu_Script.cs
  artifactKey: Guid(0c9af67ad1f8f0548b8a33a7b431b66a) Importer(815301076,1909f56bfc062723c751e8b465ee728b)
Start importing Assets/Menu/Menu_Script.cs using Guid(0c9af67ad1f8f0548b8a33a7b431b66a) Importer(815301076,1909f56bfc062723c751e8b465ee728b)  -> (artifact id: 'b797d0fdf4055f5c1f768a50c213743b') in 0.008558 seconds
  Import took 0.011925 seconds .

========================================================================
Received Import Request.
  Time since last request: 16.631488 seconds.
  path: Assets/Menu/Sounds
  artifactKey: Guid(e67425349fd6ea743ab70fa6f86a694f) Importer(815301076,1909f56bfc062723c751e8b465ee728b)
Start importing Assets/Menu/Sounds using Guid(e67425349fd6ea743ab70fa6f86a694f) Importer(815301076,1909f56bfc062723c751e8b465ee728b)  -> (artifact id: 'e8d078d22f1f038fb65e0c22ee2a4ba9') in 0.037635 seconds
  Import took 0.055789 seconds .

========================================================================
Received Prepare
Registering precompiled user dll's ...
Registered in 0.001002 seconds.
Begin MonoManager ReloadAssembly
Native extension for WindowsStandalone target not found
Refreshing native plugins compatible for Editor in 0.51 ms, found 1 plugins.
Preloading 0 native plugins for Editor in 0.00 ms.
Mono: successfully reloaded assembly
- Completed reload, in  1.029 seconds
Platform modules already initialized, skipping
Refreshing native plugins compatible for Editor in 0.40 ms, found 1 plugins.
Preloading 0 native plugins for Editor in 0.00 ms.
Unloading 1816 Unused Serialized files (Serialized files now loaded: 0)
System memory in use before: 89.8 MB.
System memory in use after: 89.8 MB.

Unloading 12 unused Assets to reduce memory usage. Loaded Objects now: 2413.
Total: 2.570100 ms (FindLiveObjects: 0.361100 ms CreateObjectMapping: 0.145200 ms MarkObjects: 1.888900 ms  DeleteObjects: 0.174000 ms)

========================================================================
Received Import Request.
  Time since last request: 133.685479 seconds.
  path: Assets/FurapiBird/Scripts/Bird_script.cs
  artifactKey: Guid(ad0cd4043f8dbbb44a33d307b5218112) Importer(815301076,1909f56bfc062723c751e8b465ee728b)
Start importing Assets/FurapiBird/Scripts/Bird_script.cs using Guid(ad0cd4043f8dbbb44a33d307b5218112) Importer(815301076,1909f56bfc062723c751e8b465ee728b)  -> (artifact id: '1d27b4a6df52ad34b8fdcb44a0f06fe6') in 0.006444 seconds
  Import took 0.010025 seconds .

========================================================================
Received Import Request.
  Time since last request: 0.031038 seconds.
  path: Assets/FurapiBird/Scripts/Bird_script.cs
  artifactKey: Guid(ad0cd4043f8dbbb44a33d307b5218112) Importer(815301076,1909f56bfc062723c751e8b465ee728b)
Start importing Assets/FurapiBird/Scripts/Bird_script.cs using Guid(ad0cd4043f8dbbb44a33d307b5218112) Importer(815301076,1909f56bfc062723c751e8b465ee728b)  -> (artifact id: '1d27b4a6df52ad34b8fdcb44a0f06fe6') in 0.004224 seconds
  Import took 0.007798 seconds .

========================================================================
Received Prepare
Registering precompiled user dll's ...
Registered in 0.001048 seconds.
Begin MonoManager ReloadAssembly
Native extension for WindowsStandalone target not found
Refreshing native plugins compatible for Editor in 0.52 ms, found 1 plugins.
Preloading 0 native plugins for Editor in 0.00 ms.
Mono: successfully reloaded assembly
- Completed reload, in  1.039 seconds
Platform modules already initialized, skipping
Refreshing native plugins compatible for Editor in 0.40 ms, found 1 plugins.
Preloading 0 native plugins for Editor in 0.00 ms.
Unloading 1816 Unused Serialized files (Serialized files now loaded: 0)
System memory in use before: 89.8 MB.
System memory in use after: 89.8 MB.

Unloading 12 unused Assets to reduce memory usage. Loaded Objects now: 2417.
Total: 3.363600 ms (FindLiveObjects: 0.349300 ms CreateObjectMapping: 0.229000 ms MarkObjects: 2.612900 ms  DeleteObjects: 0.170700 ms)

========================================================================
Received Prepare
Registering precompiled user dll's ...
Registered in 0.001130 seconds.
Begin MonoManager ReloadAssembly
Native extension for WindowsStandalone target not found
Refreshing native plugins compatible for Editor in 0.36 ms, found 1 plugins.
Preloading 0 native plugins for Editor in 0.00 ms.
Mono: successfully reloaded assembly
- Completed reload, in  0.994 seconds
Platform modules already initialized, skipping
Refreshing native plugins compatible for Editor in 0.39 ms, found 1 plugins.
Preloading 0 native plugins for Editor in 0.00 ms.
Unloading 1816 Unused Serialized files (Serialized files now loaded: 0)
System memory in use before: 89.8 MB.
System memory in use after: 89.8 MB.

Unloading 12 unused Assets to reduce memory usage. Loaded Objects now: 2421.
Total: 2.457800 ms (FindLiveObjects: 0.281000 ms CreateObjectMapping: 0.139900 ms MarkObjects: 1.849700 ms  DeleteObjects: 0.185500 ms)

========================================================================
Received Prepare
Registering precompiled user dll's ...
Registered in 0.001102 seconds.
Begin MonoManager ReloadAssembly
Native extension for WindowsStandalone target not found
Refreshing native plugins compatible for Editor in 0.61 ms, found 1 plugins.
Preloading 0 native plugins for Editor in 0.00 ms.
Mono: successfully reloaded assembly
- Completed reload, in  1.062 seconds
Platform modules already initialized, skipping
Refreshing native plugins compatible for Editor in 0.39 ms, found 1 plugins.
Preloading 0 native plugins for Editor in 0.00 ms.
Unloading 1816 Unused Serialized files (Serialized files now loaded: 0)
System memory in use before: 89.9 MB.
System memory in use after: 89.8 MB.

Unloading 12 unused Assets to reduce memory usage. Loaded Objects now: 2425.
Total: 2.799600 ms (FindLiveObjects: 0.354800 ms CreateObjectMapping: 0.312000 ms MarkObjects: 1.966800 ms  DeleteObjects: 0.164300 ms)

========================================================================
Received Prepare
Registering precompiled user dll's ...
Registered in 0.000999 seconds.
Begin MonoManager ReloadAssembly
Native extension for WindowsStandalone target not found
Refreshing native plugins compatible for Editor in 0.40 ms, found 1 plugins.
Preloading 0 native plugins for Editor in 0.00 ms.
Mono: successfully reloaded assembly
- Completed reload, in  0.949 seconds
Platform modules already initialized, skipping
Refreshing native plugins compatible for Editor in 0.37 ms, found 1 plugins.
Preloading 0 native plugins for Editor in 0.00 ms.
Unloading 1816 Unused Serialized files (Serialized files now loaded: 0)
System memory in use before: 89.9 MB.
System memory in use after: 89.8 MB.

Unloading 12 unused Assets to reduce memory usage. Loaded Objects now: 2429.
Total: 2.232300 ms (FindLiveObjects: 0.212700 ms CreateObjectMapping: 0.079200 ms MarkObjects: 1.809100 ms  DeleteObjects: 0.130000 ms)

========================================================================
Received Prepare
Registering precompiled user dll's ...
Registered in 0.001034 seconds.
Begin MonoManager ReloadAssembly
Native extension for WindowsStandalone target not found
Refreshing native plugins compatible for Editor in 0.60 ms, found 1 plugins.
Preloading 0 native plugins for Editor in 0.00 ms.
Mono: successfully reloaded assembly
- Completed reload, in  1.021 seconds
Platform modules already initialized, skipping
Refreshing native plugins compatible for Editor in 0.56 ms, found 1 plugins.
Preloading 0 native plugins for Editor in 0.00 ms.
Unloading 1816 Unused Serialized files (Serialized files now loaded: 0)
System memory in use before: 89.9 MB.
System memory in use after: 89.9 MB.

Unloading 12 unused Assets to reduce memory usage. Loaded Objects now: 2433.
Total: 2.357100 ms (FindLiveObjects: 0.402600 ms CreateObjectMapping: 0.068600 ms MarkObjects: 1.718900 ms  DeleteObjects: 0.165400 ms)

========================================================================
Received Import Request.
  Time since last request: 263.200339 seconds.
  path: Assets/Apple Catcher/Scripts/Player_Script.cs
  artifactKey: Guid(98fe77f5e1d018b4c82af87c8899526d) Importer(815301076,1909f56bfc062723c751e8b465ee728b)
Start importing Assets/Apple Catcher/Scripts/Player_Script.cs using Guid(98fe77f5e1d018b4c82af87c8899526d) Importer(815301076,1909f56bfc062723c751e8b465ee728b)  -> (artifact id: '576dc288dd2310a12b65a32d24f8b166') in 0.008100 seconds
  Import took 0.050274 seconds .

========================================================================
Received Prepare
Registering precompiled user dll's ...
Registered in 0.001655 seconds.
Begin MonoManager ReloadAssembly
Native extension for WindowsStandalone target not found
Refreshing native plugins compatible for Editor in 0.37 ms, found 1 plugins.
Preloading 0 native plugins for Editor in 0.00 ms.
Mono: successfully reloaded assembly
- Completed reload, in  1.046 seconds
Platform modules already initialized, skipping
Refreshing native plugins compatible for Editor in 0.39 ms, found 1 plugins.
Preloading 0 native plugins for Editor in 0.00 ms.
Unloading 1816 Unused Serialized files (Serialized files now loaded: 0)
System memory in use before: 89.9 MB.
System memory in use after: 89.9 MB.

Unloading 12 unused Assets to reduce memory usage. Loaded Objects now: 2437.
Total: 2.213500 ms (FindLiveObjects: 0.215100 ms CreateObjectMapping: 0.083400 ms MarkObjects: 1.741400 ms  DeleteObjects: 0.159200 ms)

========================================================================
Received Prepare
Registering precompiled user dll's ...
Registered in 0.001268 seconds.
Begin MonoManager ReloadAssembly
Native extension for WindowsStandalone target not found
Refreshing native plugins compatible for Editor in 0.36 ms, found 1 plugins.
Preloading 0 native plugins for Editor in 0.00 ms.
Mono: successfully reloaded assembly
- Completed reload, in  1.021 seconds
Platform modules already initialized, skipping
Refreshing native plugins compatible for Editor in 0.40 ms, found 1 plugins.
Preloading 0 native plugins for Editor in 0.00 ms.
Unloading 1816 Unused Serialized files (Serialized files now loaded: 0)
System memory in use before: 89.9 MB.
System memory in use after: 89.9 MB.

Unloading 12 unused Assets to reduce memory usage. Loaded Objects now: 2441.
Total: 2.647000 ms (FindLiveObjects: 0.323000 ms CreateObjectMapping: 0.136600 ms MarkObjects: 2.019500 ms  DeleteObjects: 0.166200 ms)

========================================================================
Received Prepare
Registering precompiled user dll's ...
Registered in 0.001225 seconds.
Begin MonoManager ReloadAssembly
Native extension for WindowsStandalone target not found
Refreshing native plugins compatible for Editor in 0.41 ms, found 1 plugins.
Preloading 0 native plugins for Editor in 0.00 ms.
Mono: successfully reloaded assembly
- Completed reload, in  1.074 seconds
Platform modules already initialized, skipping
Refreshing native plugins compatible for Editor in 0.49 ms, found 1 plugins.
Preloading 0 native plugins for Editor in 0.00 ms.
Unloading 1816 Unused Serialized files (Serialized files now loaded: 0)
System memory in use before: 89.9 MB.
System memory in use after: 89.9 MB.

Unloading 12 unused Assets to reduce memory usage. Loaded Objects now: 2445.
Total: 2.459300 ms (FindLiveObjects: 0.251900 ms CreateObjectMapping: 0.084400 ms MarkObjects: 1.944000 ms  DeleteObjects: 0.177400 ms)

========================================================================
Received Import Request.
  Time since last request: 623.326600 seconds.
  path: Assets/FurapiBird/Scripts/Game_manager.cs
  artifactKey: Guid(bd4ac4173a4d9b649926783da7f05f06) Importer(815301076,1909f56bfc062723c751e8b465ee728b)
Start importing Assets/FurapiBird/Scripts/Game_manager.cs using Guid(bd4ac4173a4d9b649926783da7f05f06) Importer(815301076,1909f56bfc062723c751e8b465ee728b)  -> (artifact id: 'd6367a8e4c7ff5b51d27c723318d76cb') in 0.011652 seconds
  Import took 0.052168 seconds .

========================================================================
Received Prepare
Registering precompiled user dll's ...
Registered in 0.001357 seconds.
Begin MonoManager ReloadAssembly
Native extension for WindowsStandalone target not found
Refreshing native plugins compatible for Editor in 0.43 ms, found 1 plugins.
Preloading 0 native plugins for Editor in 0.00 ms.
Mono: successfully reloaded assembly
- Completed reload, in  1.039 seconds
Platform modules already initialized, skipping
Refreshing native plugins compatible for Editor in 0.41 ms, found 1 plugins.
Preloading 0 native plugins for Editor in 0.00 ms.
Unloading 1816 Unused Serialized files (Serialized files now loaded: 0)
System memory in use before: 89.9 MB.
System memory in use after: 89.9 MB.

Unloading 12 unused Assets to reduce memory usage. Loaded Objects now: 2449.
Total: 2.866000 ms (FindLiveObjects: 0.330600 ms CreateObjectMapping: 0.112300 ms MarkObjects: 2.277200 ms  DeleteObjects: 0.144300 ms)

========================================================================
Received Prepare
Registering precompiled user dll's ...
Registered in 0.001154 seconds.
Begin MonoManager ReloadAssembly
Native extension for WindowsStandalone target not found
Refreshing native plugins compatible for Editor in 0.40 ms, found 1 plugins.
Preloading 0 native plugins for Editor in 0.00 ms.
Mono: successfully reloaded assembly
- Completed reload, in  1.047 seconds
Platform modules already initialized, skipping
Refreshing native plugins compatible for Editor in 0.42 ms, found 1 plugins.
Preloading 0 native plugins for Editor in 0.00 ms.
Unloading 1816 Unused Serialized files (Serialized files now loaded: 0)
System memory in use before: 89.9 MB.
System memory in use after: 89.9 MB.

Unloading 12 unused Assets to reduce memory usage. Loaded Objects now: 2453.
Total: 2.529400 ms (FindLiveObjects: 0.317900 ms CreateObjectMapping: 0.241600 ms MarkObjects: 1.799600 ms  DeleteObjects: 0.168900 ms)

========================================================================
Received Prepare
Registering precompiled user dll's ...
Registered in 0.002569 seconds.
Begin MonoManager ReloadAssembly
Native extension for WindowsStandalone target not found
Refreshing native plugins compatible for Editor in 0.37 ms, found 1 plugins.
Preloading 0 native plugins for Editor in 0.00 ms.
Mono: successfully reloaded assembly
- Completed reload, in  1.066 seconds
Platform modules already initialized, skipping
Refreshing native plugins compatible for Editor in 0.41 ms, found 1 plugins.
Preloading 0 native plugins for Editor in 0.00 ms.
Unloading 1816 Unused Serialized files (Serialized files now loaded: 0)
System memory in use before: 89.9 MB.
System memory in use after: 89.9 MB.

Unloading 12 unused Assets to reduce memory usage. Loaded Objects now: 2457.
Total: 3.052300 ms (FindLiveObjects: 0.365300 ms CreateObjectMapping: 0.082700 ms MarkObjects: 2.338000 ms  DeleteObjects: 0.264600 ms)

========================================================================
Received Prepare
Registering precompiled user dll's ...
Registered in 0.001183 seconds.
Begin MonoManager ReloadAssembly
Native extension for WindowsStandalone target not found
Refreshing native plugins compatible for Editor in 0.38 ms, found 1 plugins.
Preloading 0 native plugins for Editor in 0.00 ms.
Mono: successfully reloaded assembly
- Completed reload, in  1.083 seconds
Platform modules already initialized, skipping
Refreshing native plugins compatible for Editor in 0.46 ms, found 1 plugins.
Preloading 0 native plugins for Editor in 0.00 ms.
Unloading 1816 Unused Serialized files (Serialized files now loaded: 0)
System memory in use before: 89.9 MB.
System memory in use after: 89.9 MB.

Unloading 12 unused Assets to reduce memory usage. Loaded Objects now: 2461.
Total: 7.120800 ms (FindLiveObjects: 0.839700 ms CreateObjectMapping: 0.142500 ms MarkObjects: 6.004100 ms  DeleteObjects: 0.132100 ms)

========================================================================
Received Prepare
Registering precompiled user dll's ...
Registered in 0.001061 seconds.
Begin MonoManager ReloadAssembly
Native extension for WindowsStandalone target not found
Refreshing native plugins compatible for Editor in 0.54 ms, found 1 plugins.
Preloading 0 native plugins for Editor in 0.00 ms.
Mono: successfully reloaded assembly
- Completed reload, in  1.103 seconds
Platform modules already initialized, skipping
Refreshing native plugins compatible for Editor in 0.39 ms, found 1 plugins.
Preloading 0 native plugins for Editor in 0.00 ms.
Unloading 1816 Unused Serialized files (Serialized files now loaded: 0)
System memory in use before: 89.9 MB.
System memory in use after: 89.9 MB.

Unloading 12 unused Assets to reduce memory usage. Loaded Objects now: 2465.
Total: 2.226600 ms (FindLiveObjects: 0.235700 ms CreateObjectMapping: 0.105100 ms MarkObjects: 1.768800 ms  DeleteObjects: 0.115600 ms)

========================================================================
Received Prepare
Registering precompiled user dll's ...
Registered in 0.001160 seconds.
Begin MonoManager ReloadAssembly
Native extension for WindowsStandalone target not found
Refreshing native plugins compatible for Editor in 0.50 ms, found 1 plugins.
Preloading 0 native plugins for Editor in 0.00 ms.
Mono: successfully reloaded assembly
- Completed reload, in  1.129 seconds
Platform modules already initialized, skipping
Refreshing native plugins compatible for Editor in 0.40 ms, found 1 plugins.
Preloading 0 native plugins for Editor in 0.00 ms.
Unloading 1816 Unused Serialized files (Serialized files now loaded: 0)
System memory in use before: 90.0 MB.
System memory in use after: 89.9 MB.

Unloading 12 unused Assets to reduce memory usage. Loaded Objects now: 2469.
Total: 2.482100 ms (FindLiveObjects: 0.420500 ms CreateObjectMapping: 0.132600 ms MarkObjects: 1.749500 ms  DeleteObjects: 0.178400 ms)

========================================================================
Received Prepare
Registering precompiled user dll's ...
Registered in 0.001170 seconds.
Begin MonoManager ReloadAssembly
Native extension for WindowsStandalone target not found
Refreshing native plugins compatible for Editor in 0.56 ms, found 1 plugins.
Preloading 0 native plugins for Editor in 0.00 ms.
Mono: successfully reloaded assembly
- Completed reload, in  1.039 seconds
Platform modules already initialized, skipping
Refreshing native plugins compatible for Editor in 0.52 ms, found 1 plugins.
Preloading 0 native plugins for Editor in 0.00 ms.
Unloading 1816 Unused Serialized files (Serialized files now loaded: 0)
System memory in use before: 90.0 MB.
System memory in use after: 89.9 MB.

Unloading 12 unused Assets to reduce memory usage. Loaded Objects now: 2473.
Total: 3.637700 ms (FindLiveObjects: 0.906700 ms CreateObjectMapping: 0.180300 ms MarkObjects: 2.369600 ms  DeleteObjects: 0.179500 ms)

========================================================================
Received Prepare
Registering precompiled user dll's ...
Registered in 0.001154 seconds.
Begin MonoManager ReloadAssembly
Native extension for WindowsStandalone target not found
Refreshing native plugins compatible for Editor in 0.36 ms, found 1 plugins.
Preloading 0 native plugins for Editor in 0.00 ms.
Mono: successfully reloaded assembly
- Completed reload, in  1.071 seconds
Platform modules already initialized, skipping
Refreshing native plugins compatible for Editor in 0.58 ms, found 1 plugins.
Preloading 0 native plugins for Editor in 0.00 ms.
Unloading 1816 Unused Serialized files (Serialized files now loaded: 0)
System memory in use before: 90.0 MB.
System memory in use after: 90.0 MB.

Unloading 12 unused Assets to reduce memory usage. Loaded Objects now: 2477.
Total: 3.517900 ms (FindLiveObjects: 0.473200 ms CreateObjectMapping: 0.102200 ms MarkObjects: 2.753000 ms  DeleteObjects: 0.187500 ms)

========================================================================
Received Import Request.
  Time since last request: 2465.980400 seconds.
  path: Assets/Scenes/FurapiBird.unity
  artifactKey: Guid(3dd5cd490fd11864abbb186c215e6d74) Importer(815301076,1909f56bfc062723c751e8b465ee728b)
Start importing Assets/Scenes/FurapiBird.unity using Guid(3dd5cd490fd11864abbb186c215e6d74) Importer(815301076,1909f56bfc062723c751e8b465ee728b)  -> (artifact id: '4bf4bfcffa9152a32ea5854a45450c1f') in 0.023337 seconds
  Import took 0.056171 seconds .

========================================================================
Received Prepare
Registering precompiled user dll's ...
Registered in 0.001647 seconds.
Begin MonoManager ReloadAssembly
Native extension for WindowsStandalone target not found
Refreshing native plugins compatible for Editor in 0.38 ms, found 1 plugins.
Preloading 0 native plugins for Editor in 0.00 ms.
Mono: successfully reloaded assembly
- Completed reload, in  1.103 seconds
Platform modules already initialized, skipping
Refreshing native plugins compatible for Editor in 0.40 ms, found 1 plugins.
Preloading 0 native plugins for Editor in 0.00 ms.
Unloading 1816 Unused Serialized files (Serialized files now loaded: 0)
System memory in use before: 90.0 MB.
System memory in use after: 90.0 MB.

Unloading 12 unused Assets to reduce memory usage. Loaded Objects now: 2481.
Total: 2.692400 ms (FindLiveObjects: 0.208900 ms CreateObjectMapping: 0.392900 ms MarkObjects: 1.923400 ms  DeleteObjects: 0.166000 ms)

========================================================================
Received Prepare
Registering precompiled user dll's ...
Registered in 0.001101 seconds.
Begin MonoManager ReloadAssembly
Native extension for WindowsStandalone target not found
Refreshing native plugins compatible for Editor in 0.37 ms, found 1 plugins.
Preloading 0 native plugins for Editor in 0.00 ms.
Mono: successfully reloaded assembly
- Completed reload, in  0.967 seconds
Platform modules already initialized, skipping
Refreshing native plugins compatible for Editor in 0.39 ms, found 1 plugins.
Preloading 0 native plugins for Editor in 0.00 ms.
Unloading 1816 Unused Serialized files (Serialized files now loaded: 0)
System memory in use before: 90.0 MB.
System memory in use after: 90.0 MB.

Unloading 12 unused Assets to reduce memory usage. Loaded Objects now: 2485.
Total: 2.685100 ms (FindLiveObjects: 0.311700 ms CreateObjectMapping: 0.079200 ms MarkObjects: 1.990700 ms  DeleteObjects: 0.302400 ms)

========================================================================
Received Import Request.
  Time since last request: 832.677736 seconds.
  path: Assets/FurapiBird/Scripts/Bird_script.cs
  artifactKey: Guid(ad0cd4043f8dbbb44a33d307b5218112) Importer(815301076,1909f56bfc062723c751e8b465ee728b)
Start importing Assets/FurapiBird/Scripts/Bird_script.cs using Guid(ad0cd4043f8dbbb44a33d307b5218112) Importer(815301076,1909f56bfc062723c751e8b465ee728b)  -> (artifact id: 'ed38a44c66b9ae93507affb2b86f193b') in 0.012644 seconds
  Import took 0.016905 seconds .

========================================================================
Received Import Request.
  Time since last request: 0.093910 seconds.
  path: Assets/FurapiBird/Scripts/Bird_script.cs
  artifactKey: Guid(ad0cd4043f8dbbb44a33d307b5218112) Importer(815301076,1909f56bfc062723c751e8b465ee728b)
Start importing Assets/FurapiBird/Scripts/Bird_script.cs using Guid(ad0cd4043f8dbbb44a33d307b5218112) Importer(815301076,1909f56bfc062723c751e8b465ee728b)  -> (artifact id: 'ed38a44c66b9ae93507affb2b86f193b') in 0.004035 seconds
  Import took 0.007765 seconds .

========================================================================
Received Prepare
Registering precompiled user dll's ...
Registered in 0.001048 seconds.
Begin MonoManager ReloadAssembly
Native extension for WindowsStandalone target not found
Refreshing native plugins compatible for Editor in 0.36 ms, found 1 plugins.
Preloading 0 native plugins for Editor in 0.00 ms.
Mono: successfully reloaded assembly
- Completed reload, in  1.053 seconds
Platform modules already initialized, skipping
Refreshing native plugins compatible for Editor in 0.41 ms, found 1 plugins.
Preloading 0 native plugins for Editor in 0.00 ms.
Unloading 1816 Unused Serialized files (Serialized files now loaded: 0)
System memory in use before: 90.0 MB.
System memory in use after: 90.0 MB.

Unloading 12 unused Assets to reduce memory usage. Loaded Objects now: 2489.
Total: 2.627900 ms (FindLiveObjects: 0.213100 ms CreateObjectMapping: 0.121000 ms MarkObjects: 2.121900 ms  DeleteObjects: 0.170400 ms)

========================================================================
Received Import Request.
  Time since last request: 440.007327 seconds.
  path: Assets/FurapiBird/Scripts/Bird_script.cs
  artifactKey: Guid(ad0cd4043f8dbbb44a33d307b5218112) Importer(815301076,1909f56bfc062723c751e8b465ee728b)
Start importing Assets/FurapiBird/Scripts/Bird_script.cs using Guid(ad0cd4043f8dbbb44a33d307b5218112) Importer(815301076,1909f56bfc062723c751e8b465ee728b)  -> (artifact id: '21538b41182c43f443295a6c60a79506') in 0.008484 seconds
  Import took 0.058276 seconds .

========================================================================
Received Prepare
Registering precompiled user dll's ...
Registered in 0.001767 seconds.
Begin MonoManager ReloadAssembly
Native extension for WindowsStandalone target not found
Refreshing native plugins compatible for Editor in 0.35 ms, found 1 plugins.
Preloading 0 native plugins for Editor in 0.00 ms.
Mono: successfully reloaded assembly
- Completed reload, in  1.090 seconds
Platform modules already initialized, skipping
Refreshing native plugins compatible for Editor in 0.40 ms, found 1 plugins.
Preloading 0 native plugins for Editor in 0.00 ms.
Unloading 1816 Unused Serialized files (Serialized files now loaded: 0)
System memory in use before: 90.0 MB.
System memory in use after: 90.0 MB.

Unloading 12 unused Assets to reduce memory usage. Loaded Objects now: 2493.
Total: 2.795000 ms (FindLiveObjects: 0.499900 ms CreateObjectMapping: 0.130400 ms MarkObjects: 1.979700 ms  DeleteObjects: 0.183500 ms)

========================================================================
Received Import Request.
  Time since last request: 33.831399 seconds.
  path: Assets/FurapiBird/Scripts/Game_manager.cs
  artifactKey: Guid(bd4ac4173a4d9b649926783da7f05f06) Importer(815301076,1909f56bfc062723c751e8b465ee728b)
Start importing Assets/FurapiBird/Scripts/Game_manager.cs using Guid(bd4ac4173a4d9b649926783da7f05f06) Importer(815301076,1909f56bfc062723c751e8b465ee728b)  -> (artifact id: '35b36e8358bd786172180c0685b77614') in 0.011255 seconds
  Import took 0.050232 seconds .

========================================================================
Received Import Request.
  Time since last request: 6.752524 seconds.
  path: Assets/BrickBreaker/Scripts/Ball_script.cs
  artifactKey: Guid(6bf39a0a28355e34b9f450e0e3aefb96) Importer(815301076,1909f56bfc062723c751e8b465ee728b)
Start importing Assets/BrickBreaker/Scripts/Ball_script.cs using Guid(6bf39a0a28355e34b9f450e0e3aefb96) Importer(815301076,1909f56bfc062723c751e8b465ee728b)  -> (artifact id: '1cb54c18e282df9256a9122369e531a8') in 0.009835 seconds
  Import took 0.013338 seconds .

========================================================================
Received Import Request.
  Time since last request: 7.352297 seconds.
  path: Assets/BrickBreaker/Scripts/Brick_script.cs
  artifactKey: Guid(1859c54369276524697bdd1af76afab2) Importer(815301076,1909f56bfc062723c751e8b465ee728b)
Start importing Assets/BrickBreaker/Scripts/Brick_script.cs using Guid(1859c54369276524697bdd1af76afab2) Importer(815301076,1909f56bfc062723c751e8b465ee728b)  -> (artifact id: 'f8972197deb5dae3d76e814f624a4363') in 0.009720 seconds
  Import took 0.020136 seconds .

========================================================================
Received Import Request.
  Time since last request: 0.001234 seconds.
  path: Assets/BrickBreaker/Scripts/Brick_script.cs
  artifactKey: Guid(1859c54369276524697bdd1af76afab2) Importer(815301076,1909f56bfc062723c751e8b465ee728b)
Start importing Assets/BrickBreaker/Scripts/Brick_script.cs using Guid(1859c54369276524697bdd1af76afab2) Importer(815301076,1909f56bfc062723c751e8b465ee728b)  -> (artifact id: 'f8972197deb5dae3d76e814f624a4363') in 0.009654 seconds
  Import took 0.013348 seconds .

========================================================================
Received Import Request.
  Time since last request: 2.651537 seconds.
  path: Assets/BrickBreaker/Scripts/Paddle_script.cs
  artifactKey: Guid(df4d0b2eebbde584c96368b1b8f90001) Importer(815301076,1909f56bfc062723c751e8b465ee728b)
Start importing Assets/BrickBreaker/Scripts/Paddle_script.cs using Guid(df4d0b2eebbde584c96368b1b8f90001) Importer(815301076,1909f56bfc062723c751e8b465ee728b)  -> (artifact id: '323befb750ddbc76d3be54b0b7c168b4') in 0.010352 seconds
  Import took 0.014395 seconds .

========================================================================
Received Import Request.
  Time since last request: 1.730243 seconds.
  path: Assets/BrickBreaker/Scripts/Score_manager.cs
  artifactKey: Guid(4a06e3e0c585ab748b6ac0eabf3635b2) Importer(815301076,1909f56bfc062723c751e8b465ee728b)
Start importing Assets/BrickBreaker/Scripts/Score_manager.cs using Guid(4a06e3e0c585ab748b6ac0eabf3635b2) Importer(815301076,1909f56bfc062723c751e8b465ee728b)  -> (artifact id: '96a9d003d622504156799c3c84e633fe') in 0.035928 seconds
  Import took 0.052956 seconds .

========================================================================
Received Import Request.
  Time since last request: 2.310797 seconds.
  path: Assets/BrickBreaker/Scripts/GameMaster_script.cs
  artifactKey: Guid(93f52820576e9494c9f22be63bee5d0a) Importer(815301076,1909f56bfc062723c751e8b465ee728b)
Start importing Assets/BrickBreaker/Scripts/GameMaster_script.cs using Guid(93f52820576e9494c9f22be63bee5d0a) Importer(815301076,1909f56bfc062723c751e8b465ee728b)  -> (artifact id: '8556038280b07e6f908e7b119dac5af2') in 0.009440 seconds
  Import took 0.018427 seconds .

========================================================================
Received Prepare
Registering precompiled user dll's ...
Registered in 0.002331 seconds.
Begin MonoManager ReloadAssembly
Native extension for WindowsStandalone target not found
Refreshing native plugins compatible for Editor in 0.41 ms, found 1 plugins.
Preloading 0 native plugins for Editor in 0.00 ms.
Mono: successfully reloaded assembly
- Completed reload, in  1.079 seconds
Platform modules already initialized, skipping
Refreshing native plugins compatible for Editor in 0.43 ms, found 1 plugins.
Preloading 0 native plugins for Editor in 0.00 ms.
Unloading 1816 Unused Serialized files (Serialized files now loaded: 0)
System memory in use before: 90.0 MB.
System memory in use after: 90.0 MB.

Unloading 12 unused Assets to reduce memory usage. Loaded Objects now: 2497.
Total: 2.331500 ms (FindLiveObjects: 0.306400 ms CreateObjectMapping: 0.092900 ms MarkObjects: 1.783300 ms  DeleteObjects: 0.147700 ms)

========================================================================
Received Prepare
Registering precompiled user dll's ...
Registered in 0.001103 seconds.
Begin MonoManager ReloadAssembly
Native extension for WindowsStandalone target not found
Refreshing native plugins compatible for Editor in 0.59 ms, found 1 plugins.
Preloading 0 native plugins for Editor in 0.00 ms.
Mono: successfully reloaded assembly
- Completed reload, in  1.024 seconds
Platform modules already initialized, skipping
Refreshing native plugins compatible for Editor in 0.38 ms, found 1 plugins.
Preloading 0 native plugins for Editor in 0.00 ms.
Unloading 1816 Unused Serialized files (Serialized files now loaded: 0)
System memory in use before: 90.0 MB.
System memory in use after: 90.0 MB.

Unloading 12 unused Assets to reduce memory usage. Loaded Objects now: 2501.
Total: 2.772500 ms (FindLiveObjects: 0.216600 ms CreateObjectMapping: 0.088400 ms MarkObjects: 2.274300 ms  DeleteObjects: 0.191900 ms)

========================================================================
Received Import Request.
  Time since last request: 727.290014 seconds.
  path: Assets/Menu/Menu_Script.cs
  artifactKey: Guid(0c9af67ad1f8f0548b8a33a7b431b66a) Importer(815301076,1909f56bfc062723c751e8b465ee728b)
Start importing Assets/Menu/Menu_Script.cs using Guid(0c9af67ad1f8f0548b8a33a7b431b66a) Importer(815301076,1909f56bfc062723c751e8b465ee728b)  -> (artifact id: '9bde1dd32e2f33b45a3e456f38256bc7') in 0.014677 seconds
  Import took 0.052662 seconds .

========================================================================
Received Prepare
Refreshing native plugins compatible for Editor in 1.90 ms, found 1 plugins.
Preloading 0 native plugins for Editor in 0.00 ms.
Unloading 10 Unused Serialized files (Serialized files now loaded: 0)
System memory in use before: 54.3 MB.
System memory in use after: 54.3 MB.

Unloading 10 unused Assets to reduce memory usage. Loaded Objects now: 2501.
Total: 2.956100 ms (FindLiveObjects: 0.323700 ms CreateObjectMapping: 0.081500 ms MarkObjects: 2.412100 ms  DeleteObjects: 0.137100 ms)

AssetImportWorkerClient::OnTransportError - code=2 error=End of file
